<?xml version="1.0" encoding="UTF-8"?>
<testng-results skipped="0" failed="0" ignored="0" total="1" passed="1">
  <reporter-output>
  </reporter-output>
  <suite name="Default suite" duration-ms="294" started-at="2019-05-18T09:12:44Z" finished-at="2019-05-18T09:12:45Z">
    <groups>
    </groups>
    <test name="Default test" duration-ms="294" started-at="2019-05-18T09:12:44Z" finished-at="2019-05-18T09:12:45Z">
      <class name="git.PrimaryClass">
        <test-method status="PASS" signature="PrintMessage()[pri:0, instance:git.PrimaryClass@39c0f4a]" name="PrintMessage" duration-ms="15" started-at="2019-05-18T09:12:45Z" finished-at="2019-05-18T09:12:45Z">
          <reporter-output>
          </reporter-output>
        </test-method> <!-- PrintMessage -->
      </class> <!-- git.PrimaryClass -->
    </test> <!-- Default test -->
  </suite> <!-- Default suite -->
</testng-results>
